d:\sfml\space_shooter revenge\space_shooter revenge\debug\vc140.pdb
d:\sfml\space_shooter revenge\space_shooter revenge\debug\vc140.idb
d:\sfml\space_shooter revenge\space_shooter revenge\debug\fire_tile.obj
d:\sfml\space_shooter revenge\space_shooter revenge\debug\game.obj
d:\sfml\space_shooter revenge\space_shooter revenge\debug\gamescreen.obj
d:\sfml\space_shooter revenge\space_shooter revenge\debug\main.obj
d:\sfml\space_shooter revenge\space_shooter revenge\debug\object_base_class.obj
d:\sfml\space_shooter revenge\space_shooter revenge\debug\player.obj
d:\sfml\space_shooter revenge\space_shooter revenge\debug\screen.obj
d:\sfml\space_shooter revenge\space_shooter revenge\debug\stoneformations.obj
d:\sfml\space_shooter revenge\space_shooter revenge\debug\stonenode.obj
d:\sfml\space_shooter revenge\space_shooter revenge\debug\boxcollieder.obj
d:\sfml\space_shooter revenge\space_shooter revenge\debug\musiccontroller.obj
d:\sfml\space_shooter revenge\space_shooter revenge\debug\startscreen.obj
d:\sfml\space_shooter revenge\debug\space_shooter revenge.ilk
d:\sfml\space_shooter revenge\debug\space_shooter revenge.exe
d:\sfml\space_shooter revenge\debug\space_shooter revenge.pdb
d:\sfml\space_shooter revenge\space_shooter revenge\debug\space_sh.d81483b4.tlog\cl.command.1.tlog
d:\sfml\space_shooter revenge\space_shooter revenge\debug\space_sh.d81483b4.tlog\cl.read.1.tlog
d:\sfml\space_shooter revenge\space_shooter revenge\debug\space_sh.d81483b4.tlog\cl.write.1.tlog
d:\sfml\space_shooter revenge\space_shooter revenge\debug\space_sh.d81483b4.tlog\link.command.1.tlog
d:\sfml\space_shooter revenge\space_shooter revenge\debug\space_sh.d81483b4.tlog\link.read.1.tlog
d:\sfml\space_shooter revenge\space_shooter revenge\debug\space_sh.d81483b4.tlog\link.write.1.tlog
